<?xml version="1.0" encoding="UTF-8"?>

<!--B-58A fire circuit test button-->

<PropertyList>

<path>test-button.ac</path>

<!--METAL EFFECTS-->

<animation>
	<type>shader</type>
	<shader>chrome</shader>
	<texture>metal-shader.png</texture>
		<object-name>button</object-name>
</animation>

<!--LoD-->

<animation> 
	<type>range</type>
	<min-m>0</min-m>
	<max-m>5</max-m>
</animation>

</PropertyList>

